
[2022-06-24 01:57:55] Beginning TopHat run (v2.0.13)
-----------------------------------------------
[2022-06-24 01:57:55] Checking for Bowtie
		  Bowtie version:	 2.2.5.0
[2022-06-24 01:57:55] Checking for Bowtie index files (genome)..
[2022-06-24 01:57:55] Checking for reference FASTA file
	Warning: Could not find FASTA file athal/athal.fa
[2022-06-24 01:57:55] Reconstituting reference FASTA file from Bowtie index
  Executing: /opt/anaconda3/envs/tophat-env/bin/bowtie2-inspect athal/athal > Tophat/Day16/tmp/athal.fa
[2022-06-24 01:57:56] Generating SAM header for athal/athal
[2022-06-24 01:57:56] Preparing reads
	 left reads: min. length=50, max. length=50, 57985 kept reads (0 discarded)
[2022-06-24 01:57:56] Mapping left_kept_reads to genome athal with Bowtie2 
[2022-06-24 01:57:59] Mapping left_kept_reads_seg1 to genome athal with Bowtie2 (1/2)
[2022-06-24 01:57:59] Mapping left_kept_reads_seg2 to genome athal with Bowtie2 (2/2)
[2022-06-24 01:57:59] Searching for junctions via segment mapping
[2022-06-24 01:58:00] Retrieving sequences for splices
[2022-06-24 01:58:00] Indexing splices
[2022-06-24 01:58:00] Mapping left_kept_reads_seg1 to genome segment_juncs with Bowtie2 (1/2)
[2022-06-24 01:58:00] Mapping left_kept_reads_seg2 to genome segment_juncs with Bowtie2 (2/2)
[2022-06-24 01:58:00] Joining segment hits
[2022-06-24 01:58:01] Reporting output tracks
-----------------------------------------------
[2022-06-24 01:58:03] A summary of the alignment counts can be found in Tophat/Day16/align_summary.txt
[2022-06-24 01:58:03] Run complete: 00:00:07 elapsed
